Method 'SystemVoidCosmosSystemKernelStart', ID = '0'
Method 'SystemVoidCosmosIL2CPURuntimeEngineInitializeApplication', ID = '1'
Method 'SystemVoidCosmosIL2CPURuntimeEngineFinalizeApplicationSystemInt32', ID = '2'
Method 'SystemVoidCosmosIL2CPUVTablesImplSetMethodInfoSystemInt32SystemInt32SystemUInt32SystemUInt32', ID = '3'
Method 'SystemBooleanCosmosIL2CPUVTablesImplIsInstanceSystemUInt32SystemUInt32', ID = '4'
Method 'SystemVoidCosmosIL2CPUVTablesImplSetTypeInfoSystemInt32SystemUInt32SystemUInt32arraySystemUInt32arraySystemUInt32', ID = '5'
Method 'SystemUInt32CosmosIL2CPUVTablesImplGetMethodAddressForTypeSystemUInt32SystemUInt32', ID = '6'
Method 'SystemVoidCosmosIL2CPUExceptionHelperThrowNotImplementedSystemString', ID = '10'
Method 'SystemVoidCosmosIL2CPUExceptionHelperThrowOverflow', ID = '11'
Method 'SystemVoidSystemArrayctor', ID = '13'
Method 'SystemVoidSystemThrowHelperThrowInvalidOperationExceptionSystemExceptionResource', ID = '14'
Method 'SystemDelegatearraySystemMulticastDelegateGetInvocationList', ID = '15'
Method 'SystemVoidUniOSKernelctor', ID = '17'
Method 'SystemVoidCosmosDebugKernelDebuggerSendSystemString', ID = '22'
Method 'SystemVoidCosmosHALBootstrapInit', ID = '26'
Method 'CosmosHALTextScreenBaseCosmosSystemKernelGetTextScreen', ID = '27'
Method 'SystemVoidCosmosSystemGlobalInitCosmosHALTextScreenBase', ID = '28'
Method 'SystemVoidCosmosHALPS2Keyboardctor', ID = '29'
Method 'SystemVoidCosmosSystemKeyboardManagerAddKeyboardCosmosHALKeyboardBase', ID = '30'
Method 'SystemVoidCosmosSystemKernelBeforeRun', ID = '31'
Method 'SystemVoidCosmosHALGlobalEnableInterrupts', ID = '32'
Method 'SystemVoidCosmosSystemKernelAfterRun', ID = '34'
Method 'SystemVoidCosmosIL2CPURuntimeEngineInitializeEngine', ID = '38'
Method 'SystemVoidCosmosIL2CPURuntimeEngineHeap_Initialize', ID = '39'
Method 'SystemVoidCosmosIL2CPURuntimeEngineFinalizeEngine', ID = '41'
Method 'SystemVoidCosmosIL2CPURuntimeEngineExitProcessSystemInt32', ID = '42'
Method 'SystemVoidCosmosIL2CPUVTablesImplDebugAndHaltSystemString', ID = '47'
Method 'SystemVoidCosmosIL2CPUVTablesImplDebugSystemString', ID = '49'
Method 'SystemVoidCosmosIL2CPUVTablesImplDebugHexSystemStringSystemUInt32', ID = '50'
Method 'SystemVoidCosmosDebugKernelPlugsDebuggerSendKernelPanicSystemUInt32', ID = '55'
Method 'SystemVoidCosmosCorePlugsGCImplementionImplIncRefCountSystemUInt32', ID = '63'
Method 'SystemVoidCosmosCorePlugsGCImplementionImplDecRefCountSystemUInt32', ID = '64'
Method 'SystemUInt32CosmosCorePlugsGCImplementionImplAllocNewObjectSystemUInt32', ID = '65'
Method 'SystemVoidSystemNotImplementedExceptionctorSystemString', ID = '67'
Method 'SystemVoidSystemOverflowExceptionctorSystemString', ID = '68'
Method 'SystemStringSystemThrowHelperGetResourceNameSystemExceptionResource', ID = '73'
Method 'SystemVoidSystemInvalidOperationExceptionctorSystemString', ID = '75'
Method 'SystemDelegatearraySystemDelegateGetInvocationList', ID = '78'
Method 'SystemInt32SystemIntPtrop_ExplicitSystemIntPtr', ID = '81'
Method 'SystemVoidCosmosSystemKernelctor', ID = '83'
Method 'SystemVoidCosmosSystemGlobalcctor', ID = '85'
Method 'SystemVoidCosmosIL2CPUPlugsSystemExceptionImplCtorSystemString', ID = '88'
Method 'SystemVoidCosmosCoreBootstrapInit', ID = '90'
Method 'SystemVoidCosmosSystemConsolectorCosmosHALTextScreenBase', ID = '92'
Method 'SystemVoidCosmosHALGlobalInitCosmosHALTextScreenBase', ID = '94'
Method 'SystemVoidCosmosSystemGlobalset_NumLockSystemBoolean', ID = '95'
Method 'SystemVoidCosmosSystemGlobalset_CapsLockSystemBoolean', ID = '96'
Method 'SystemVoidCosmosSystemGlobalset_ScrollLockSystemBoolean', ID = '97'
Method 'SystemVoidCosmosHALKeyboardBasector', ID = '102'
Method 'SystemBooleanCosmosSystemKeyboardManagerKeyboardExistsSystemType', ID = '106'
Method 'SystemVoidCosmosSystemKeyboardManagerHandleScanCodeSystemByteSystemBoolean', ID = '107'
Method 'SystemVoidCosmosCorePlugsSystemDelegateImplCtorSystemObjectSystemIntPtr', ID = '202'
Method 'SystemVoidSystemCollectionsGenericList1CosmosHALKeyboardBaseAddCosmosHALKeyboardBase', ID = '110'
Method 'SystemVoidUniOSKernelBeforeRun', ID = '111'
Method 'SystemVoidCosmosCoreCPUEnableInterrupts', ID = '113'
Method 'SystemVoidUniOSKernelRun', ID = '114'
Method 'SystemVoidCosmosSystemPlugsSystemConsoleImplWriteLineSystemString', ID = '116'
Method 'SystemStringSystemBooleanToString', ID = '121'
Method 'SystemStringCosmosIL2CPUPlugsSystemObjectImplToString', ID = '124'
Method 'SystemVoidCosmosIL2CPURuntimeEnginecctor', ID = '125'
Method 'SystemVoidCosmosIL2CPUVTablesImplcctor', ID = '126'
Method 'SystemVoidSystemBooleancctor', ID = '127'
Method 'SystemVoidCosmosCommonKernelPanicTypescctor', ID = '128'
Method 'SystemVoidCosmosDebugKernelPlugsDebuggerDoSendSystemString', ID = '130'
Method 'SystemVoidCosmosDebugKernelPlugsDebuggerDoSendNumberSystemUInt32', ID = '131'
Method 'SystemVoidCosmosCoreMemoryOldGlobalSystemInfoEnsureInitialized', ID = '133'
Method 'SystemUInt32CosmosCoreMemoryOldHeapMemAllocSystemUInt32', ID = '134'
Method 'SystemVoidSystemSystemExceptionctorSystemString', ID = '136'
Method 'SystemVoidSystemExceptionSetErrorCodeSystemInt32', ID = '137'
Method 'SystemVoidSystemArithmeticExceptionctorSystemString', ID = '139'
Method 'SystemVoidCosmosIL2CPUPlugsSystemObjectImplCtor', ID = '140'
Method 'SystemStringCosmosIL2CPUPlugsSystemEnvironmentImplGetResourceStringSystemString', ID = '143'
Method 'SystemVoidCosmosDebugKernelDebuggerctorSystemStringSystemString', ID = '146'
Method 'SystemVoidSystemExceptioncctor', ID = '148'
Method 'SystemVoidCosmosCoreINTsDummy', ID = '152'
Method 'SystemVoidCosmosCorePICctor', ID = '153'
Method 'SystemVoidCosmosHALTextScreenctor', ID = '161'
Method 'SystemVoidCosmosCoreGlobalInit', ID = '164'
Method 'SystemVoidCosmosHALGlobalInitStaticDevices', ID = '165'
Method 'SystemVoidCosmosHALGlobalInitPciDevices', ID = '166'
Method 'SystemVoidCosmosHALGlobalInitAtaCosmosHALBlockDeviceAtaControllerIdEnumCosmosHALBlockDeviceAtaBusPositionEnum', ID = '167'
Method 'SystemVoidCosmosSystemKeyboardManagerset_NumLockSystemBoolean', ID = '168'
Method 'SystemVoidCosmosSystemKeyboardManagerset_CapsLockSystemBoolean', ID = '169'
Method 'SystemVoidCosmosSystemKeyboardManagerset_ScrollLockSystemBoolean', ID = '170'
Method 'SystemVoidCosmosCoreGlobalcctor', ID = '171'
Method 'SystemVoidCosmosCoreBaseIOGroupscctor', ID = '172'
Method 'SystemVoidCosmosHALDevicector', ID = '173'
Method 'SystemVoidCosmosSystemKeyboardManagercctor', ID = '176'
Method 'SystemTypeCosmosIL2CPUPlugsSystemObjectImplGetType', ID = '178'
Method 'SystemCollectionsGenericList1EnumeratorCosmosHALKeyboardBaseSystemCollectionsGenericList1CosmosHALKeyboardBaseGetEnumerator', ID = '179'
Method 'CosmosHALKeyboardBaseSystemCollectionsGenericList1EnumeratorCosmosHALKeyboardBaseget_Current', ID = '180'
Method 'SystemBooleanSystemCollectionsGenericList1EnumeratorCosmosHALKeyboardBaseMoveNext', ID = '182'
Method 'SystemBooleanCosmosSystemScanMapBaseScanCodeMatchesKeySystemByteCosmosSystemConsoleKeyEx', ID = '187'
Method 'SystemBooleanCosmosSystemKeyboardManagerget_CapsLock', ID = '188'
Method 'SystemVoidCosmosSystemKeyboardManagerUpdateLeds', ID = '189'
Method 'SystemBooleanCosmosSystemKeyboardManagerget_NumLock', ID = '190'
Method 'SystemBooleanCosmosSystemKeyboardManagerget_ScrollLock', ID = '191'
Method 'SystemVoidCosmosSystemKeyboardManagerset_ControlPressedSystemBoolean', ID = '192'
Method 'SystemVoidCosmosSystemKeyboardManagerset_ShiftPressedSystemBoolean', ID = '193'
Method 'SystemVoidCosmosSystemKeyboardManagerset_AltPressedSystemBoolean', ID = '194'
Method 'SystemBooleanCosmosSystemKeyboardManagerget_ControlPressed', ID = '195'
Method 'SystemBooleanCosmosSystemKeyboardManagerget_AltPressed', ID = '196'
Method 'SystemVoidCosmosSystemConsoleWriteLineSystemString', ID = '197'
Method 'SystemVoidCosmosSystemPowerReboot', ID = '198'
Method 'SystemBooleanCosmosSystemKeyboardManagerGetKeySystemByteCosmosSystemKeyEvent', ID = '199'
Method 'SystemVoidCosmosSystemKeyboardManagerEnqueueCosmosSystemKeyEvent', ID = '200'
Method 'SystemVoidSystemCollectionsGenericList1CosmosHALKeyboardBaseEnsureCapacitySystemInt32', ID = '204'
Method 'SystemBooleanSystemStringop_EqualitySystemStringSystemString', ID = '206'
Method 'SystemVoidCosmosSystemFileSystemCosmosVFSctor', ID = '208'
Method 'SystemVoidCosmosSystemFileSystemVFSVFSManagerRegisterVFSCosmosSystemFileSystemVFSVFSBase', ID = '209'
Method 'SystemConsoleKeyInfoSystemConsoleReadKey', ID = '210'
Method 'SystemStringSystemStringConcatSystemStringSystemString', ID = '211'
Method 'SystemVoidCosmosHALGlobalcctor', ID = '212'
Method 'SystemBooleanSystemStringop_InequalitySystemStringSystemString', ID = '216'
Method 'SystemStringSystemStringConcatSystemStringSystemStringSystemStringSystemString', ID = '217'
Method 'SystemStringSystemStringToLower', ID = '219'
Method 'SystemInt32SystemStringIndexOfSystemChar', ID = '220'
Method 'SystemStringarraySystemStringSplitSystemChararray', ID = '222'
Method 'SystemUInt32PrivateImplementationDetailsComputeStringHashSystemString', ID = '223'
Method 'SystemVoidUniOSlockkernallockpassSystemString', ID = '224'
Method 'SystemVoidUniOSSHAFScreateDirSystemString', ID = '225'
Method 'SystemStringarrayUniOSSHAFSreadFilesSystemString', ID = '226'
Method 'SystemStringarrayUniOSSHAFSreadDirectoriesSystemString', ID = '227'
Method 'SystemVoidSystemArrayCopySystemArraySystemArraySystemInt32', ID = '228'
Method 'SystemVoidSystemArrayCopySystemArraySystemInt32SystemArraySystemInt32SystemInt32', ID = '229'
Method 'SystemVoidUniOStditinit', ID = '230'
Method 'SystemVoidUniOSHelpHelpInfoSystemObject', ID = '231'
Method 'SystemVoidUniOSHelpTditHelp', ID = '232'
Method 'SystemInt32UniOSMathAddSystemStringSystemString', ID = '233'
Method 'SystemInt32UniOSMathSubtractSystemStringSystemString', ID = '235'
Method 'SystemInt32UniOSMathMultiplySystemStringSystemString', ID = '236'
Method 'SystemInt32UniOSMathDivideSystemStringSystemString', ID = '237'
Method 'SystemInt64UniOSMathToPowerSystemStringSystemString', ID = '238'
Method 'SystemInt32UniOSMathGcdConSystemStringSystemString', ID = '240'
Method 'SystemInt32UniOSMathLcmConSystemStringSystemString', ID = '241'
Method 'SystemVoidSystemConsolecctor', ID = '242'
Method 'CosmosSystemConsoleCosmosSystemPlugsSystemConsoleImplGetConsole', ID = '244'
Method 'SystemVoidCosmosSystemConsoleWriteSystemString', ID = '245'
Method 'SystemVoidCosmosSystemConsoleNewLine', ID = '246'
Method 'SystemStringCosmosSystemPlugsSystemValueTypeImplToString', ID = '247'
Method 'SystemStringCosmosCorePlugsSystemStringImplToString', ID = '248'
Method 'SystemStringCosmosSystemPlugsSystemInt32ImplToString', ID = '249'
Method 'SystemStringCosmosSystemPlugsSystemUInt32ImplToString', ID = '250'
Method 'SystemStringCosmosSystemPlugsSystemEnumImplToString', ID = '251'
Method 'SystemStringCosmosIL2CPUPlugsSystemExceptionImplToString', ID = '252'
Method 'SystemUInt32CosmosCoreMemoryOldGlobalSystemInfoget_TotalDataLookupTableSize', ID = '262'
Method 'SystemBooleanCosmosCoreCPUDisableInterrupts', ID = '265'
Method 'SystemVoidCosmosCoreMemoryOldHeapEnsureIsInitialized', ID = '266'
Method 'CosmosCoreMemoryOldGlobalInformationTablepointerCosmosCoreMemoryOldGlobalSystemInfoget_GlobalInformationTable', ID = '268'
Method 'SystemBooleanCosmosCoreMemoryOldHeapScanDataLookupTableSystemUInt32CosmosCoreMemoryOldDataLookupTablepointerSystemUInt32SystemUInt32', ID = '269'
Method 'CosmosCoreMemoryOldDataLookupEntrypointerCosmosCoreMemoryOldDataLookupTableGetEntrySystemUInt32', ID = '272'
Method 'SystemVoidCosmosCoreMemoryOldHeapClearMemorySystemVoidpointerSystemUInt32', ID = '274'
Method 'SystemVoidSystemExceptionset_HResultSystemInt32', ID = '276'
Method 'SystemStringCosmosIL2CPUPlugsSystemEnvironmentImplGetResourceFromDefaultSystemString', ID = '280'
Method 'SystemVoidCosmosDebugKernelDebuggerset_mSectionSystemString', ID = '282'
Method 'SystemVoidCosmosCoreBootstrapcctor', ID = '284'
Method 'SystemVoidCosmosCoreINTsHandleInterrupt_DefaultCosmosCoreINTsIRQContext', ID = '287'
Method 'SystemVoidCosmosCoreINTsHandleInterrupt_00CosmosCoreINTsIRQContext', ID = '288'
Method 'SystemVoidCosmosCoreINTsHandleInterrupt_01CosmosCoreINTsIRQContext', ID = '289'
Method 'SystemVoidCosmosCoreINTsHandleInterrupt_02CosmosCoreINTsIRQContext', ID = '290'
Method 'SystemVoidCosmosCoreINTsHandleInterrupt_03CosmosCoreINTsIRQContext', ID = '291'
Method 'SystemVoidCosmosCoreINTsHandleInterrupt_04CosmosCoreINTsIRQContext', ID = '292'
Method 'SystemVoidCosmosCoreINTsHandleInterrupt_05CosmosCoreINTsIRQContext', ID = '293'
Method 'SystemVoidCosmosCoreINTsHandleInterrupt_06CosmosCoreINTsIRQContext', ID = '294'
Method 'SystemVoidCosmosCoreINTsHandleInterrupt_07CosmosCoreINTsIRQContext', ID = '295'
Method 'SystemVoidCosmosCoreINTsHandleInterrupt_08CosmosCoreINTsIRQContext', ID = '296'
Method 'SystemVoidCosmosCoreINTsHandleInterrupt_09CosmosCoreINTsIRQContext', ID = '297'
Method 'SystemVoidCosmosCoreINTsHandleInterrupt_0ACosmosCoreINTsIRQContext', ID = '298'
Method 'SystemVoidCosmosCoreINTsHandleInterrupt_0BCosmosCoreINTsIRQContext', ID = '299'
Method 'SystemVoidCosmosCoreINTsHandleInterrupt_0CCosmosCoreINTsIRQContext', ID = '300'
Method 'SystemVoidCosmosCoreINTsHandleInterrupt_0DCosmosCoreINTsIRQContext', ID = '301'
Method 'SystemVoidCosmosCoreINTsHandleInterrupt_0ECosmosCoreINTsIRQContext', ID = '302'
Method 'SystemVoidCosmosCoreINTsHandleInterrupt_0FCosmosCoreINTsIRQContext', ID = '303'
Method 'SystemVoidCosmosCoreINTsHandleInterrupt_10CosmosCoreINTsIRQContext', ID = '304'
Method 'SystemVoidCosmosCoreINTsHandleInterrupt_11CosmosCoreINTsIRQContext', ID = '305'
Method 'SystemVoidCosmosCoreINTsHandleInterrupt_12CosmosCoreINTsIRQContext', ID = '306'
Method 'SystemVoidCosmosCoreINTsHandleInterrupt_13CosmosCoreINTsIRQContext', ID = '307'
Method 'SystemVoidCosmosCoreINTsHandleInterrupt_20CosmosCoreINTsIRQContext', ID = '308'
Method 'SystemVoidCosmosCoreINTsHandleInterrupt_21CosmosCoreINTsIRQContext', ID = '309'
Method 'SystemVoidCosmosCoreINTsHandleInterrupt_22CosmosCoreINTsIRQContext', ID = '310'
Method 'SystemVoidCosmosCoreINTsHandleInterrupt_23CosmosCoreINTsIRQContext', ID = '311'
Method 'SystemVoidCosmosCoreINTsHandleInterrupt_24CosmosCoreINTsIRQContext', ID = '312'
Method 'SystemVoidCosmosCoreINTsHandleInterrupt_25CosmosCoreINTsIRQContext', ID = '313'
Method 'SystemVoidCosmosCoreINTsHandleInterrupt_26CosmosCoreINTsIRQContext', ID = '314'
Method 'SystemVoidCosmosCoreINTsHandleInterrupt_27CosmosCoreINTsIRQContext', ID = '315'
Method 'SystemVoidCosmosCoreINTsHandleInterrupt_28CosmosCoreINTsIRQContext', ID = '316'
Method 'SystemVoidCosmosCoreINTsHandleInterrupt_29CosmosCoreINTsIRQContext', ID = '317'
Method 'SystemVoidCosmosCoreINTsHandleInterrupt_2ACosmosCoreINTsIRQContext', ID = '318'
Method 'SystemVoidCosmosCoreINTsHandleInterrupt_2BCosmosCoreINTsIRQContext', ID = '319'
Method 'SystemVoidCosmosCoreINTsHandleInterrupt_2CCosmosCoreINTsIRQContext', ID = '320'
Method 'SystemVoidCosmosCoreINTsHandleInterrupt_2DCosmosCoreINTsIRQContext', ID = '321'
Method 'SystemVoidCosmosCoreINTsHandleInterrupt_2ECosmosCoreINTsIRQContext', ID = '322'
Method 'SystemVoidCosmosCoreINTsHandleInterrupt_2FCosmosCoreINTsIRQContext', ID = '323'
Method 'SystemVoidCosmosCoreINTsHandleInterrupt_30CosmosCoreINTsIRQContext', ID = '324'
Method 'SystemVoidCosmosCoreINTsHandleInterrupt_35CosmosCoreINTsIRQContext', ID = '325'
Method 'SystemVoidCosmosCoreINTsHandleInterrupt_40CosmosCoreINTsIRQContext', ID = '326'
Method 'SystemVoidCosmosCoreINTsHandleInterrupt_41CosmosCoreINTsIRQContext', ID = '327'
Method 'SystemVoidCosmosCoreINTsHandleInterrupt_42CosmosCoreINTsIRQContext', ID = '328'
Method 'SystemVoidCosmosCoreINTsHandleInterrupt_43CosmosCoreINTsIRQContext', ID = '329'
Method 'SystemVoidCosmosCoreINTsHandleInterrupt_44CosmosCoreINTsIRQContext', ID = '330'
Method 'SystemVoidCosmosCoreINTsHandleInterrupt_45CosmosCoreINTsIRQContext', ID = '331'
Method 'SystemVoidCosmosCoreINTsHandleInterrupt_46CosmosCoreINTsIRQContext', ID = '332'
Method 'SystemVoidCosmosCoreINTsHandleInterrupt_47CosmosCoreINTsIRQContext', ID = '333'
Method 'SystemVoidCosmosCoreINTsHandleInterrupt_48CosmosCoreINTsIRQContext', ID = '334'
Method 'SystemVoidCosmosCoreINTsHandleInterrupt_49CosmosCoreINTsIRQContext', ID = '335'
Method 'SystemVoidCosmosCoreIOGroupPICctorSystemBoolean', ID = '337'
Method 'SystemVoidCosmosCorePICRemapSystemByteSystemByteSystemByteSystemByte', ID = '338'
Method 'SystemVoidCosmosCorePlugsCPUImplUpdateIDTSystemBoolean', ID = '339'
Method 'SystemVoidCosmosCorePlugsCPUImplInitSSE', ID = '340'
Method 'SystemVoidCosmosCorePlugsCPUImplInitFloat', ID = '341'
Method 'SystemVoidCosmosCoreIOGroupTextScreenctor', ID = '343'
Method 'SystemVoidCosmosHALTextScreenBasector', ID = '344'
Method 'SystemVoidCosmosHALPCISetup', ID = '353'
Method 'SystemVoidCosmosHALBlockDeviceAtaPioctorCosmosCoreIOGroupATACosmosHALBlockDeviceAtaControllerIdEnumCosmosHALBlockDeviceAtaBusPositionEnum', ID = '356'
Method 'CosmosHALBlockDeviceAtaPioSpecLevelCosmosHALBlockDeviceAtaPioget_DriveType', ID = '357'
Method 'SystemVoidSystemCollectionsGenericList1CosmosHALBlockDeviceBlockDeviceAddCosmosHALBlockDeviceBlockDevice', ID = '360'
Method 'SystemVoidCosmosHALBlockDeviceMBRctorSystemBytearray', ID = '364'
Method 'SystemVoidCosmosHALBlockDeviceEBRctorSystemBytearray', ID = '366'
Method 'SystemInt32SystemCollectionsGenericList1CosmosHALBlockDeviceEBRPartInfoget_Count', ID = '368'
Method 'SystemInt32SystemCollectionsGenericList1CosmosHALBlockDeviceMBRPartInfoget_Count', ID = '369'
Method 'SystemVoidCosmosDebugKernelDebuggerSendNumberSystemInt32', ID = '370'
Method 'CosmosHALBlockDeviceMBRPartInfoSystemCollectionsGenericList1CosmosHALBlockDeviceMBRPartInfoget_ItemSystemInt32', ID = '371'
Method 'SystemStringSystemStringConcatSystemObjectSystemObject', ID = '372'
Method 'SystemVoidCosmosHALBlockDevicePartitionctorCosmosHALBlockDeviceBlockDeviceSystemUInt64SystemUInt64', ID = '374'
Method 'SystemVoidCosmosCoreBaseIOGroupsctor', ID = '378'
Method 'SystemVoidCosmosCoreIOGroupMousector', ID = '380'
Method 'SystemVoidCosmosCoreIOGroupPCSpeakerctor', ID = '382'
Method 'SystemVoidCosmosHALPS2KeyboardInitialize', ID = '384'
Method 'SystemVoidCosmosHALPS2KeyboardUpdateLeds', ID = '385'
Method 'SystemVoidSystemCollectionsGenericList1CosmosHALKeyboardBasector', ID = '386'
Method 'SystemVoidCosmosSystemScanMapsUS_Standardctor', ID = '387'
Method 'SystemVoidSystemCollectionsGenericQueue1CosmosSystemKeyEventctor', ID = '388'
Method 'SystemVoidSystemCollectionsGenericList1EnumeratorCosmosHALKeyboardBasectorSystemCollectionsGenericList1CosmosHALKeyboardBase', ID = '393'
Method 'SystemBooleanCosmosSystemPlugsSystemTypeImplop_EqualitySystemUInt32SystemUInt32', ID = '394'
Method 'SystemBooleanSystemCollectionsGenericList1EnumeratorCosmosHALKeyboardBaseMoveNextRare', ID = '395'
Method 'SystemVoidSystemCollectionsGenericList1EnumeratorCosmosHALKeyboardBaseDispose', ID = '397'
Method 'CosmosSystemKeyMappingSystemCollectionsGenericList1CosmosSystemKeyMappingget_ItemSystemInt32', ID = '401'
Method 'SystemInt32SystemCollectionsGenericList1CosmosSystemKeyMappingget_Count', ID = '403'
Method 'SystemVoidCosmosHALPowerReboot', ID = '408'
Method 'SystemBooleanCosmosSystemKeyboardManagerget_ShiftPressed', ID = '410'
Method 'CosmosSystemKeyEventCosmosSystemScanMapBaseConvertScanCodeSystemByteSystemBooleanSystemBooleanSystemBooleanSystemBooleanSystemBooleanSystemBoolean', ID = '411'
Method 'SystemVoidSystemCollectionsGenericQueue1CosmosSystemKeyEventEnqueueCosmosSystemKeyEvent', ID = '413'
Method 'SystemVoidSystemCollectionsGenericList1CosmosHALKeyboardBasecctor', ID = '415'
Method 'SystemVoidSystemCollectionsGenericList1CosmosHALKeyboardBaseset_CapacitySystemInt32', ID = '416'
Method 'SystemStringCosmosSystemPlugsSystemConsoleImplReadLine', ID = '417'
Method 'SystemBooleanSystemStringEqualsSystemStringSystemString', ID = '418'
Method 'SystemVoidCosmosSystemPlugsSystemConsoleImplClear', ID = '419'
Method 'SystemVoidCosmosSystemFileSystemVFSVFSBasector', ID = '421'
Method 'SystemBooleanSystemStringIsNullOrEmptySystemString', ID = '428'
Method 'SystemVoidSystemStringFillStringCheckedSystemStringSystemInt32SystemString', ID = '431'
Method 'SystemVoidCosmosCorePlugsCPUImplDoEnableInterrupts', ID = '432'
Method 'SystemVoidCosmosSystemPlugsSystemConsoleImplWriteSystemString', ID = '433'
Method 'SystemStringarraySystemStringSplitInternalSystemChararraySystemInt32SystemStringSplitOptions', ID = '441'
Method 'SystemVoidSystemArgumentNullExceptionctorSystemString', ID = '449'
